[NX Daemon Server] - 2024-07-15T19:51:52.789Z - Started listening on: /var/folders/0g/k31x_2h950q2zftwzxw7dvj00000gn/T/6428585dc821aee6879d/d.sock
[NX Daemon Server] - 2024-07-15T19:51:52.790Z - [WATCHER]: Subscribed to changes within: /Users/readytowork/Desktop/office/ant_next_skeleton (native)
[NX Daemon Server] - 2024-07-15T19:51:52.799Z - Established a connection. Number of open connections: 1
[NX Daemon Server] - 2024-07-15T19:51:52.800Z - Established a connection. Number of open connections: 2
[NX Daemon Server] - 2024-07-15T19:51:52.800Z - Closed a connection. Number of open connections: 1
[NX Daemon Server] - 2024-07-15T19:51:52.801Z - [REQUEST]: Client Request for Project Graph Received
[NX Daemon Server] - 2024-07-15T19:51:52.812Z - [REQUEST]: Updated workspace context based on watched changes, recomputing project graph...
[NX Daemon Server] - 2024-07-15T19:51:52.812Z - [REQUEST]: 
[NX Daemon Server] - 2024-07-15T19:51:52.812Z - [REQUEST]: 
[NX Daemon Server] - 2024-07-15T19:51:53.217Z - [REQUEST]: Responding to the client. project-graph
[NX Daemon Server] - 2024-07-15T19:51:53.218Z - Time taken for 'total for creating and serializing project graph' 415.38037499785423ms
[NX Daemon Server] - 2024-07-15T19:51:53.218Z - [WATCHER]: Processing file changes in outputs
[NX Daemon Server] - 2024-07-15T19:51:53.222Z - Done responding to the client project-graph
[NX Daemon Server] - 2024-07-15T19:51:53.222Z - Handled REQUEST_PROJECT_GRAPH. Handling time: 415. Response time: 6.
[NX Daemon Server] - 2024-07-15T19:51:53.226Z - [REQUEST]: Responding to the client. handleContextFileData
[NX Daemon Server] - 2024-07-15T19:51:53.227Z - Done responding to the client handleContextFileData
[NX Daemon Server] - 2024-07-15T19:51:53.228Z - Handled GET_CONTEXT_FILE_DATA. Handling time: 1. Response time: 2.
[NX Daemon Server] - 2024-07-15T19:51:53.228Z - Closed a connection. Number of open connections: 0
[NX Daemon Server] - 2024-07-15T19:51:53.270Z - Established a connection. Number of open connections: 1
[NX Daemon Server] - 2024-07-15T19:51:53.270Z - Established a connection. Number of open connections: 2
[NX Daemon Server] - 2024-07-15T19:51:53.270Z - Closed a connection. Number of open connections: 1
[NX Daemon Server] - 2024-07-15T19:51:53.271Z - [REQUEST]: Client Request for Project Graph Received
[NX Daemon Server] - 2024-07-15T19:51:53.271Z - [REQUEST]: Responding to the client. project-graph
[NX Daemon Server] - 2024-07-15T19:51:53.272Z - Time taken for 'total for creating and serializing project graph' 0.11083298921585083ms
[NX Daemon Server] - 2024-07-15T19:51:53.274Z - Done responding to the client project-graph
[NX Daemon Server] - 2024-07-15T19:51:53.274Z - Handled REQUEST_PROJECT_GRAPH. Handling time: 0. Response time: 3.
[NX Daemon Server] - 2024-07-15T19:51:53.278Z - [REQUEST]: Client Request for Project Graph Received
[NX Daemon Server] - 2024-07-15T19:51:53.278Z - [REQUEST]: Responding to the client. project-graph
[NX Daemon Server] - 2024-07-15T19:51:53.280Z - Time taken for 'total for creating and serializing project graph' 0.226624995470047ms
[NX Daemon Server] - 2024-07-15T19:51:53.282Z - Done responding to the client project-graph
[NX Daemon Server] - 2024-07-15T19:51:53.282Z - Handled REQUEST_PROJECT_GRAPH. Handling time: 0. Response time: 4.
[NX Daemon Server] - 2024-07-15T19:51:53.286Z - Established a connection. Number of open connections: 2
[NX Daemon Server] - 2024-07-15T19:51:53.453Z - [WATCHER]: Processing file changes in outputs
[NX Daemon Server] - 2024-07-15T19:52:07.998Z - [WATCHER]: apps/docs/auth.ts was deleted
[NX Daemon Server] - 2024-07-15T19:52:07.999Z - [REQUEST]: Responding to the client. File watch changed
[NX Daemon Server] - 2024-07-15T19:52:07.999Z - Done responding to the client File watch changed
[NX Daemon Server] - 2024-07-15T19:52:07.999Z - Handled FILE-WATCH-CHANGED. Handling time: 0. Response time: 0.
[NX Daemon Server] - 2024-07-15T19:52:07.999Z - [WATCHER]: Processing file changes in outputs
[NX Daemon Server] - 2024-07-15T19:52:07.999Z - Time taken for 'changed-projects' 0.10462500154972076ms
[NX Daemon Server] - 2024-07-15T19:52:08.100Z - [REQUEST]: Updated workspace context based on watched changes, recomputing project graph...
[NX Daemon Server] - 2024-07-15T19:52:08.100Z - [REQUEST]: 
[NX Daemon Server] - 2024-07-15T19:52:08.100Z - [REQUEST]: apps/docs/auth.ts
[NX Daemon Server] - 2024-07-15T19:52:08.132Z - Time taken for 'hash changed files from watcher' 0.09125000238418579ms
[NX Daemon Server] - 2024-07-15T19:52:09.004Z - [REQUEST]: Client Request for Project Graph Received
[NX Daemon Server] - 2024-07-15T19:52:09.005Z - [REQUEST]: Responding to the client. project-graph
[NX Daemon Server] - 2024-07-15T19:52:09.009Z - Time taken for 'total for creating and serializing project graph' 0.518750011920929ms
[NX Daemon Server] - 2024-07-15T19:52:09.011Z - Done responding to the client project-graph
[NX Daemon Server] - 2024-07-15T19:52:09.011Z - Handled REQUEST_PROJECT_GRAPH. Handling time: 1. Response time: 6.
[NX Daemon Server] - 2024-07-15T19:52:09.018Z - [REQUEST]: Responding to the client. handleContextFileData
[NX Daemon Server] - 2024-07-15T19:52:09.019Z - Done responding to the client handleContextFileData
[NX Daemon Server] - 2024-07-15T19:52:09.019Z - Handled GET_CONTEXT_FILE_DATA. Handling time: 0. Response time: 1.
[NX Daemon Server] - 2024-07-15T19:52:09.019Z - Closed a connection. Number of open connections: 1
[NX Daemon Server] - 2024-07-15T19:52:09.064Z - Closed a connection. Number of open connections: 0
[NX Daemon Server] - 2024-07-15T19:52:09.065Z - Established a connection. Number of open connections: 1
[NX Daemon Server] - 2024-07-15T19:52:09.065Z - Established a connection. Number of open connections: 2
[NX Daemon Server] - 2024-07-15T19:52:09.065Z - Closed a connection. Number of open connections: 1
[NX Daemon Server] - 2024-07-15T19:52:09.065Z - [REQUEST]: Client Request for Project Graph Received
[NX Daemon Server] - 2024-07-15T19:52:09.066Z - [REQUEST]: Responding to the client. project-graph
[NX Daemon Server] - 2024-07-15T19:52:09.067Z - Time taken for 'total for creating and serializing project graph' 0.13008299469947815ms
[NX Daemon Server] - 2024-07-15T19:52:09.069Z - Done responding to the client project-graph
[NX Daemon Server] - 2024-07-15T19:52:09.069Z - Handled REQUEST_PROJECT_GRAPH. Handling time: 1. Response time: 3.
[NX Daemon Server] - 2024-07-15T19:52:09.072Z - [REQUEST]: Client Request for Project Graph Received
[NX Daemon Server] - 2024-07-15T19:52:09.072Z - [REQUEST]: Responding to the client. project-graph
[NX Daemon Server] - 2024-07-15T19:52:09.074Z - Time taken for 'total for creating and serializing project graph' 0.14704199135303497ms
[NX Daemon Server] - 2024-07-15T19:52:09.075Z - Done responding to the client project-graph
[NX Daemon Server] - 2024-07-15T19:52:09.075Z - Handled REQUEST_PROJECT_GRAPH. Handling time: 0. Response time: 3.
[NX Daemon Server] - 2024-07-15T19:52:09.078Z - Established a connection. Number of open connections: 2
[NX Daemon Server] - 2024-07-15T19:52:13.520Z - [WATCHER]: .env.example was modified
[NX Daemon Server] - 2024-07-15T19:52:13.520Z - [REQUEST]: Responding to the client. File watch changed
[NX Daemon Server] - 2024-07-15T19:52:13.520Z - Done responding to the client File watch changed
[NX Daemon Server] - 2024-07-15T19:52:13.520Z - Handled FILE-WATCH-CHANGED. Handling time: 0. Response time: 0.
[NX Daemon Server] - 2024-07-15T19:52:13.520Z - [WATCHER]: Processing file changes in outputs
[NX Daemon Server] - 2024-07-15T19:52:13.520Z - Time taken for 'changed-projects' 0.0759579986333847ms
[NX Daemon Server] - 2024-07-15T19:52:13.621Z - [REQUEST]: Updated workspace context based on watched changes, recomputing project graph...
[NX Daemon Server] - 2024-07-15T19:52:13.621Z - [REQUEST]: .env.example
[NX Daemon Server] - 2024-07-15T19:52:13.621Z - [REQUEST]: 
[NX Daemon Server] - 2024-07-15T19:52:13.655Z - Time taken for 'hash changed files from watcher' 0.19395799934864044ms
[NX Daemon Server] - 2024-07-15T19:52:14.526Z - [REQUEST]: Client Request for Project Graph Received
[NX Daemon Server] - 2024-07-15T19:52:14.527Z - [REQUEST]: Responding to the client. project-graph
[NX Daemon Server] - 2024-07-15T19:52:14.531Z - Time taken for 'total for creating and serializing project graph' 0.3950420022010803ms
[NX Daemon Server] - 2024-07-15T19:52:14.534Z - Done responding to the client project-graph
[NX Daemon Server] - 2024-07-15T19:52:14.534Z - Handled REQUEST_PROJECT_GRAPH. Handling time: 1. Response time: 7.
[NX Daemon Server] - 2024-07-15T19:52:14.542Z - [REQUEST]: Responding to the client. handleContextFileData
[NX Daemon Server] - 2024-07-15T19:52:14.542Z - Done responding to the client handleContextFileData
[NX Daemon Server] - 2024-07-15T19:52:14.542Z - Handled GET_CONTEXT_FILE_DATA. Handling time: 0. Response time: 0.
[NX Daemon Server] - 2024-07-15T19:52:14.543Z - Closed a connection. Number of open connections: 1
[NX Daemon Server] - 2024-07-15T19:52:14.596Z - Closed a connection. Number of open connections: 0
[NX Daemon Server] - 2024-07-15T19:52:14.597Z - Established a connection. Number of open connections: 1
[NX Daemon Server] - 2024-07-15T19:52:14.597Z - Closed a connection. Number of open connections: 0
[NX Daemon Server] - 2024-07-15T19:52:14.597Z - Established a connection. Number of open connections: 1
[NX Daemon Server] - 2024-07-15T19:52:14.598Z - [REQUEST]: Client Request for Project Graph Received
[NX Daemon Server] - 2024-07-15T19:52:14.598Z - [REQUEST]: Responding to the client. project-graph
[NX Daemon Server] - 2024-07-15T19:52:14.600Z - Time taken for 'total for creating and serializing project graph' 0.12170800566673279ms
[NX Daemon Server] - 2024-07-15T19:52:14.601Z - Done responding to the client project-graph
[NX Daemon Server] - 2024-07-15T19:52:14.601Z - Handled REQUEST_PROJECT_GRAPH. Handling time: 0. Response time: 3.
[NX Daemon Server] - 2024-07-15T19:52:14.604Z - [REQUEST]: Client Request for Project Graph Received
[NX Daemon Server] - 2024-07-15T19:52:14.605Z - [REQUEST]: Responding to the client. project-graph
[NX Daemon Server] - 2024-07-15T19:52:14.606Z - Time taken for 'total for creating and serializing project graph' 0.1489579975605011ms
[NX Daemon Server] - 2024-07-15T19:52:14.607Z - Done responding to the client project-graph
[NX Daemon Server] - 2024-07-15T19:52:14.607Z - Handled REQUEST_PROJECT_GRAPH. Handling time: 1. Response time: 2.
[NX Daemon Server] - 2024-07-15T19:52:14.610Z - Established a connection. Number of open connections: 2
[NX Daemon Server] - 2024-07-15T19:52:20.122Z - Established a connection. Number of open connections: 3
[NX Daemon Server] - 2024-07-15T19:52:20.123Z - Closed a connection. Number of open connections: 2
[NX Daemon Server] - 2024-07-15T19:52:20.123Z - Established a connection. Number of open connections: 3
[NX Daemon Server] - 2024-07-15T19:52:20.124Z - [REQUEST]: Client Request for Project Graph Received
[NX Daemon Server] - 2024-07-15T19:52:20.124Z - [REQUEST]: Responding to the client. project-graph
[NX Daemon Server] - 2024-07-15T19:52:20.126Z - Time taken for 'total for creating and serializing project graph' 0.13483399152755737ms
[NX Daemon Server] - 2024-07-15T19:52:20.128Z - Done responding to the client project-graph
[NX Daemon Server] - 2024-07-15T19:52:20.128Z - Handled REQUEST_PROJECT_GRAPH. Handling time: 0. Response time: 4.
[NX Daemon Server] - 2024-07-15T19:52:20.132Z - [REQUEST]: Responding to the client. handleContextFileData
[NX Daemon Server] - 2024-07-15T19:52:20.132Z - Done responding to the client handleContextFileData
[NX Daemon Server] - 2024-07-15T19:52:20.132Z - Handled GET_CONTEXT_FILE_DATA. Handling time: 0. Response time: 0.
[NX Daemon Server] - 2024-07-15T19:52:20.166Z - [REQUEST]: Responding to the client. handleHashTasks
[NX Daemon Server] - 2024-07-15T19:52:20.166Z - Done responding to the client handleHashTasks
[NX Daemon Server] - 2024-07-15T19:52:20.167Z - Handled HASH_TASKS. Handling time: 10. Response time: 1.
[NX Daemon Server] - 2024-07-15T19:52:20.169Z - [REQUEST]: Responding to the client. handleWriteTaskRunsToHistory
[NX Daemon Server] - 2024-07-15T19:52:20.169Z - Done responding to the client handleWriteTaskRunsToHistory
[NX Daemon Server] - 2024-07-15T19:52:20.169Z - Handled WRITE_TASK_RUNS_TO_HISTORY. Handling time: 0. Response time: 0.
[NX Daemon Server] - 2024-07-15T19:52:20.170Z - [REQUEST]: Responding to the client. handleGetTaskHistoryForHashes
[NX Daemon Server] - 2024-07-15T19:52:20.170Z - Done responding to the client handleGetTaskHistoryForHashes
[NX Daemon Server] - 2024-07-15T19:52:20.170Z - Handled GET_TASK_HISTORY_FOR_HASHES. Handling time: 0. Response time: 0.
[NX Daemon Server] - 2024-07-15T19:52:20.172Z - Closed a connection. Number of open connections: 2
[NX Daemon Server] - 2024-07-15T19:52:20.346Z - Established a connection. Number of open connections: 3
[NX Daemon Server] - 2024-07-15T19:52:20.347Z - Closed a connection. Number of open connections: 2
[NX Daemon Server] - 2024-07-15T19:52:20.347Z - Established a connection. Number of open connections: 3
[NX Daemon Server] - 2024-07-15T19:52:20.349Z - [REQUEST]: Client Request for Project Graph Received
[NX Daemon Server] - 2024-07-15T19:52:20.349Z - [REQUEST]: Responding to the client. project-graph
[NX Daemon Server] - 2024-07-15T19:52:20.350Z - Time taken for 'total for creating and serializing project graph' 0.13250000774860382ms
[NX Daemon Server] - 2024-07-15T19:52:20.352Z - Done responding to the client project-graph
[NX Daemon Server] - 2024-07-15T19:52:20.353Z - Handled REQUEST_PROJECT_GRAPH. Handling time: 0. Response time: 4.
[NX Daemon Server] - 2024-07-15T19:52:20.356Z - [REQUEST]: Responding to the client. handleContextFileData
[NX Daemon Server] - 2024-07-15T19:52:20.356Z - Done responding to the client handleContextFileData
[NX Daemon Server] - 2024-07-15T19:52:20.356Z - Handled GET_CONTEXT_FILE_DATA. Handling time: 0. Response time: 0.
[NX Daemon Server] - 2024-07-15T19:52:20.391Z - [REQUEST]: Responding to the client. handleHashTasks
[NX Daemon Server] - 2024-07-15T19:52:20.391Z - Done responding to the client handleHashTasks
[NX Daemon Server] - 2024-07-15T19:52:20.391Z - Handled HASH_TASKS. Handling time: 4. Response time: 0.
[NX Daemon Server] - 2024-07-15T19:52:20.402Z - [REQUEST]: Responding to the client. handleHashTasks
[NX Daemon Server] - 2024-07-15T19:52:20.402Z - Done responding to the client handleHashTasks
[NX Daemon Server] - 2024-07-15T19:52:20.402Z - Handled HASH_TASKS. Handling time: 5. Response time: 0.
[NX Daemon Server] - 2024-07-15T19:52:20.410Z - [REQUEST]: Responding to the client. handleHashTasks
[NX Daemon Server] - 2024-07-15T19:52:20.410Z - Done responding to the client handleHashTasks
[NX Daemon Server] - 2024-07-15T19:52:20.410Z - Handled HASH_TASKS. Handling time: 5. Response time: 0.
[NX Daemon Server] - 2024-07-15T19:52:20.419Z - [REQUEST]: Responding to the client. handleHashTasks
[NX Daemon Server] - 2024-07-15T19:52:20.419Z - Done responding to the client handleHashTasks
[NX Daemon Server] - 2024-07-15T19:52:20.419Z - Handled HASH_TASKS. Handling time: 5. Response time: 0.
[NX Daemon Server] - 2024-07-15T19:52:20.431Z - [REQUEST]: Responding to the client. handleHashTasks
[NX Daemon Server] - 2024-07-15T19:52:20.431Z - Done responding to the client handleHashTasks
[NX Daemon Server] - 2024-07-15T19:52:20.431Z - Handled HASH_TASKS. Handling time: 6. Response time: 0.
[NX Daemon Server] - 2024-07-15T19:52:20.439Z - [REQUEST]: Responding to the client. handleHashTasks
[NX Daemon Server] - 2024-07-15T19:52:20.439Z - Done responding to the client handleHashTasks
[NX Daemon Server] - 2024-07-15T19:52:20.440Z - Handled HASH_TASKS. Handling time: 5. Response time: 1.
[NX Daemon Server] - 2024-07-15T19:52:20.441Z - [REQUEST]: Responding to the client. recordOutputsHash
[NX Daemon Server] - 2024-07-15T19:52:20.441Z - Done responding to the client recordOutputsHash
[NX Daemon Server] - 2024-07-15T19:52:20.441Z - Handled RECORD_OUTPUTS_HASH. Handling time: 0. Response time: 0.
[NX Daemon Server] - 2024-07-15T19:52:20.442Z - [REQUEST]: Responding to the client. recordOutputsHash
[NX Daemon Server] - 2024-07-15T19:52:20.442Z - Done responding to the client recordOutputsHash
[NX Daemon Server] - 2024-07-15T19:52:20.442Z - Handled RECORD_OUTPUTS_HASH. Handling time: 0. Response time: 0.
[NX Daemon Server] - 2024-07-15T19:52:20.443Z - [REQUEST]: Responding to the client. recordOutputsHash
[NX Daemon Server] - 2024-07-15T19:52:20.443Z - Done responding to the client recordOutputsHash
[NX Daemon Server] - 2024-07-15T19:52:20.443Z - Handled RECORD_OUTPUTS_HASH. Handling time: 0. Response time: 0.
[NX Daemon Server] - 2024-07-15T19:52:20.443Z - [REQUEST]: Responding to the client. recordOutputsHash
[NX Daemon Server] - 2024-07-15T19:52:20.443Z - Done responding to the client recordOutputsHash
[NX Daemon Server] - 2024-07-15T19:52:20.443Z - Handled RECORD_OUTPUTS_HASH. Handling time: 0. Response time: 0.
[NX Daemon Server] - 2024-07-15T19:52:21.900Z - [REQUEST]: Responding to the client. recordOutputsHash
[NX Daemon Server] - 2024-07-15T19:52:21.901Z - Done responding to the client recordOutputsHash
[NX Daemon Server] - 2024-07-15T19:52:21.901Z - Handled RECORD_OUTPUTS_HASH. Handling time: 0. Response time: 1.
[NX Daemon Server] - 2024-07-15T19:52:21.903Z - [REQUEST]: Responding to the client. handleWriteTaskRunsToHistory
[NX Daemon Server] - 2024-07-15T19:52:21.903Z - Done responding to the client handleWriteTaskRunsToHistory
[NX Daemon Server] - 2024-07-15T19:52:21.903Z - Handled WRITE_TASK_RUNS_TO_HISTORY. Handling time: 0. Response time: 0.
[NX Daemon Server] - 2024-07-15T19:52:21.903Z - [REQUEST]: Responding to the client. handleGetTaskHistoryForHashes
[NX Daemon Server] - 2024-07-15T19:52:21.903Z - Done responding to the client handleGetTaskHistoryForHashes
[NX Daemon Server] - 2024-07-15T19:52:21.903Z - Handled GET_TASK_HISTORY_FOR_HASHES. Handling time: 0. Response time: 0.
[NX Daemon Server] - 2024-07-15T19:52:21.907Z - Closed a connection. Number of open connections: 2
[NX Daemon Server] - 2024-07-15T19:52:22.105Z - Established a connection. Number of open connections: 3
[NX Daemon Server] - 2024-07-15T19:52:22.107Z - Closed a connection. Number of open connections: 2
[NX Daemon Server] - 2024-07-15T19:52:22.107Z - Established a connection. Number of open connections: 3
[NX Daemon Server] - 2024-07-15T19:52:22.108Z - [REQUEST]: Client Request for Project Graph Received
[NX Daemon Server] - 2024-07-15T19:52:22.108Z - [REQUEST]: Responding to the client. project-graph
[NX Daemon Server] - 2024-07-15T19:52:22.110Z - Time taken for 'total for creating and serializing project graph' 0.17262500524520874ms
[NX Daemon Server] - 2024-07-15T19:52:22.111Z - Done responding to the client project-graph
[NX Daemon Server] - 2024-07-15T19:52:22.111Z - Handled REQUEST_PROJECT_GRAPH. Handling time: 0. Response time: 3.
[NX Daemon Server] - 2024-07-15T19:52:22.188Z - [WATCHER]: tsconfig.base.json was modified
[NX Daemon Server] - 2024-07-15T19:52:22.188Z - [REQUEST]: Responding to the client. File watch changed
[NX Daemon Server] - 2024-07-15T19:52:22.188Z - Done responding to the client File watch changed
[NX Daemon Server] - 2024-07-15T19:52:22.188Z - Handled FILE-WATCH-CHANGED. Handling time: 0. Response time: 0.
[NX Daemon Server] - 2024-07-15T19:52:22.188Z - [WATCHER]: Processing file changes in outputs
[NX Daemon Server] - 2024-07-15T19:52:22.188Z - Time taken for 'changed-projects' 0.04629099369049072ms
[NX Daemon Server] - 2024-07-15T19:52:22.289Z - [REQUEST]: Updated workspace context based on watched changes, recomputing project graph...
[NX Daemon Server] - 2024-07-15T19:52:22.289Z - [REQUEST]: tsconfig.base.json
[NX Daemon Server] - 2024-07-15T19:52:22.289Z - [REQUEST]: 
[NX Daemon Server] - 2024-07-15T19:52:22.313Z - Time taken for 'hash changed files from watcher' 0.1090410053730011ms
[NX Daemon Server] - 2024-07-15T19:52:22.567Z - [WATCHER]: apps/owner/tsconfig.json was modified
[NX Daemon Server] - 2024-07-15T19:52:22.567Z - [REQUEST]: Responding to the client. File watch changed
[NX Daemon Server] - 2024-07-15T19:52:22.567Z - Done responding to the client File watch changed
[NX Daemon Server] - 2024-07-15T19:52:22.567Z - Handled FILE-WATCH-CHANGED. Handling time: 0. Response time: 0.
[NX Daemon Server] - 2024-07-15T19:52:22.567Z - [WATCHER]: Processing file changes in outputs
[NX Daemon Server] - 2024-07-15T19:52:22.567Z - Time taken for 'changed-projects' 0.03712499141693115ms
[NX Daemon Server] - 2024-07-15T19:52:22.684Z - Closed a connection. Number of open connections: 2
[NX Daemon Server] - 2024-07-15T19:52:22.743Z - [WATCHER]: Processing file changes in outputs
[NX Daemon Server] - 2024-07-15T19:52:22.744Z - [WATCHER]: tsconfig.base.json was modified
[NX Daemon Server] - 2024-07-15T19:52:22.744Z - [REQUEST]: Responding to the client. File watch changed
[NX Daemon Server] - 2024-07-15T19:52:22.744Z - Done responding to the client File watch changed
[NX Daemon Server] - 2024-07-15T19:52:22.744Z - Handled FILE-WATCH-CHANGED. Handling time: 0. Response time: 0.
[NX Daemon Server] - 2024-07-15T19:52:22.744Z - Time taken for 'changed-projects' 0.030125007033348083ms
[NX Daemon Server] - 2024-07-15T19:52:22.768Z - [REQUEST]: Updated workspace context based on watched changes, recomputing project graph...
[NX Daemon Server] - 2024-07-15T19:52:22.769Z - [REQUEST]: apps/owner/tsconfig.json,tsconfig.base.json
[NX Daemon Server] - 2024-07-15T19:52:22.769Z - [REQUEST]: 
[NX Daemon Server] - 2024-07-15T19:52:22.795Z - Time taken for 'hash changed files from watcher' 0.18391700088977814ms
[NX Daemon Server] - 2024-07-15T19:52:23.119Z - [WATCHER]: Processing file changes in outputs
[NX Daemon Server] - 2024-07-15T19:52:23.418Z - [WATCHER]: Processing file changes in outputs
[NX Daemon Server] - 2024-07-15T19:52:23.748Z - [REQUEST]: Client Request for Project Graph Received
[NX Daemon Server] - 2024-07-15T19:52:23.748Z - [REQUEST]: Responding to the client. project-graph
[NX Daemon Server] - 2024-07-15T19:52:23.751Z - Time taken for 'total for creating and serializing project graph' 0.21912500262260437ms
[NX Daemon Server] - 2024-07-15T19:52:23.758Z - Done responding to the client project-graph
[NX Daemon Server] - 2024-07-15T19:52:23.758Z - Handled REQUEST_PROJECT_GRAPH. Handling time: 0. Response time: 10.
[NX Daemon Server] - 2024-07-15T19:52:23.763Z - [REQUEST]: Responding to the client. handleContextFileData
[NX Daemon Server] - 2024-07-15T19:52:23.764Z - Done responding to the client handleContextFileData
[NX Daemon Server] - 2024-07-15T19:52:23.764Z - Handled GET_CONTEXT_FILE_DATA. Handling time: 0. Response time: 1.
[NX Daemon Server] - 2024-07-15T19:52:23.764Z - Closed a connection. Number of open connections: 1
[NX Daemon Server] - 2024-07-15T19:52:23.798Z - Closed a connection. Number of open connections: 0
[NX Daemon Server] - 2024-07-15T19:52:23.798Z - Established a connection. Number of open connections: 1
[NX Daemon Server] - 2024-07-15T19:52:23.798Z - Established a connection. Number of open connections: 2
[NX Daemon Server] - 2024-07-15T19:52:23.798Z - Closed a connection. Number of open connections: 1
[NX Daemon Server] - 2024-07-15T19:52:23.799Z - [REQUEST]: Client Request for Project Graph Received
[NX Daemon Server] - 2024-07-15T19:52:23.799Z - [REQUEST]: Responding to the client. project-graph
[NX Daemon Server] - 2024-07-15T19:52:23.800Z - Time taken for 'total for creating and serializing project graph' 0.11574999988079071ms
[NX Daemon Server] - 2024-07-15T19:52:23.801Z - Done responding to the client project-graph
[NX Daemon Server] - 2024-07-15T19:52:23.802Z - Handled REQUEST_PROJECT_GRAPH. Handling time: 0. Response time: 3.
[NX Daemon Server] - 2024-07-15T19:52:23.804Z - [REQUEST]: Client Request for Project Graph Received
[NX Daemon Server] - 2024-07-15T19:52:23.805Z - [REQUEST]: Responding to the client. project-graph
[NX Daemon Server] - 2024-07-15T19:52:23.806Z - Time taken for 'total for creating and serializing project graph' 0.1935420036315918ms
[NX Daemon Server] - 2024-07-15T19:52:23.807Z - Done responding to the client project-graph
[NX Daemon Server] - 2024-07-15T19:52:23.807Z - Handled REQUEST_PROJECT_GRAPH. Handling time: 1. Response time: 2.
[NX Daemon Server] - 2024-07-15T19:52:23.810Z - Established a connection. Number of open connections: 2
