Failed to start or connect to the Nx Daemon process.

Messages from the log:
[NX Daemon Server] - 2024-07-13T15:07:10.033Z - [WATCHER]: Processing file changes in outputs
[NX Daemon Server] - 2024-07-13T15:07:10.033Z - [WATCHER]: Stopping the watcher for /Users/readytowork/Desktop/office/ant_next_skeleton (sources)
[NX Daemon Server] - 2024-07-13T15:07:10.033Z - [WATCHER]: Stopping the watcher for /Users/readytowork/Desktop/office/ant_next_skeleton (outputs)
[NX Daemon Server] - 2024-07-13T15:07:10.033Z - Server stopped because: "Lock file changed"
node:internal/modules/cjs/loader:1058
  throw err;
  ^

Error: Cannot find module '/Users/readytowork/Desktop/office/ant_next_skeleton/node_modules/.pnpm/nx@17.1.1_@swc-node+register@1.6.7_@swc+core@1.3.96/node_modules/nx/src/daemon/server/start.js'
    at Module._resolveFilename (node:internal/modules/cjs/loader:1055:15)
    at Module._load (node:internal/modules/cjs/loader:908:27)
    at c._load (node:electron/js2c/node_init:2:13672)
    at Function.executeUserEntryPoint [as runMain] (node:internal/modules/run_main:96:12)
    at node:internal/main/run_main_module:23:47 {
  code: 'MODULE_NOT_FOUND',
  requireStack: []
}

Node.js v20.9.0



More information: /Users/readytowork/Desktop/office/ant_next_skeleton/.nx/cache/d/daemon.log